2021-07-16 14:09:09,173 - root - DEBUG - 1 case
2021-07-16 14:09:09,174 - root - DEBUG - C://case_한다/1947_page/case_1947_13.txt: analyzing...
2021-07-16 14:09:09,179 - root - DEBUG - 사건번호
2021-07-16 14:09:09,191 - root - DEBUG - !matched!
2021-07-16 14:09:09,192 - root - DEBUG - (39, 69)
2021-07-16 14:09:09,193 - root - DEBUG - 사건명
2021-07-16 14:09:09,194 - root - DEBUG - !matched!
2021-07-16 14:09:09,195 - root - DEBUG - (69, 100)
2021-07-16 14:09:09,196 - root - DEBUG - !matched!
2021-07-16 14:09:09,197 - root - DEBUG - (0, 8)
2021-07-16 14:09:09,198 - root - DEBUG - !matched!
2021-07-16 14:09:09,198 - root - DEBUG - (8, 31)
2021-07-16 14:09:09,199 - root - DEBUG - !matched!
2021-07-16 14:09:09,200 - root - DEBUG - (-1, -1)
2021-07-16 14:09:09,201 - root - DEBUG - 판시사항
2021-07-16 14:09:09,203 - root - DEBUG - !matched!
2021-07-16 14:09:09,204 - root - DEBUG - (100, 156)
2021-07-16 14:09:09,204 - root - DEBUG - 판결요지
2021-07-16 14:09:09,211 - root - DEBUG - !matched!
2021-07-16 14:09:09,212 - root - DEBUG - (156, 267)
2021-07-16 14:09:09,213 - root - DEBUG - 참조조문
2021-07-16 14:09:09,214 - root - DEBUG - !matched!
2021-07-16 14:09:09,215 - root - DEBUG - (267, 292)
2021-07-16 14:09:09,216 - root - DEBUG - 참조판례
2021-07-16 14:09:09,217 - root - DEBUG - !not matched!
2021-07-16 14:09:09,218 - root - DEBUG - 원심판결
2021-07-16 14:09:09,219 - root - DEBUG - !not matched!
2021-07-16 14:09:09,220 - root - DEBUG - 주문
2021-07-16 14:09:09,222 - root - DEBUG - !matched!
2021-07-16 14:09:09,223 - root - DEBUG - (479, 673)
2021-07-16 14:09:09,225 - root - DEBUG - !matched!
2021-07-16 14:09:09,225 - root - DEBUG - (650, 668)
2021-07-16 14:09:09,226 - root - DEBUG - 이유
2021-07-16 14:09:09,228 - root - DEBUG - !matched!
2021-07-16 14:09:09,228 - root - DEBUG - (673, 678)
2021-07-16 14:09:09,229 - root - DEBUG - 평석
2021-07-16 14:09:09,231 - root - DEBUG - !not matched!
2021-07-16 14:09:09,231 - root - DEBUG - 따름판례
2021-07-16 14:09:09,233 - root - DEBUG - !not matched!
2021-07-16 14:09:09,234 - root - DEBUG - 관련문헌
2021-07-16 14:09:09,235 - root - DEBUG - !matched!
2021-07-16 14:09:09,237 - root - DEBUG - (3002, 3008)
2021-07-16 14:09:09,237 - root - DEBUG - 참조판례
2021-07-16 14:09:09,239 - root - DEBUG - !not matched!
2021-07-16 14:09:09,240 - root - DEBUG - 참조조문
2021-07-16 14:09:09,244 - root - DEBUG - !matched!
2021-07-16 14:09:09,245 - root - DEBUG - (3462, 3467)
2021-07-16 14:09:09,246 - root - DEBUG - 본문참조판례
2021-07-16 14:09:09,248 - root - DEBUG - !not matched!
2021-07-16 14:09:09,248 - root - DEBUG - 본문참조조문
2021-07-16 14:09:09,250 - root - DEBUG - !matched!
2021-07-16 14:09:09,251 - root - DEBUG - (3487, 3495)
2021-07-16 14:09:09,252 - root - DEBUG - 원심판결
2021-07-16 14:09:09,254 - root - DEBUG - !matched!
2021-07-16 14:09:09,255 - root - DEBUG - (3514, 3520)
2021-07-16 14:09:09,255 - root - DEBUG - [('reasoningStart', 673), ('relatedStart', 3002), ('applicableActStart', 3462), ('applicablePrecInBodayStart', 3487), ('originalStart', 3514)]
2021-07-16 14:09:09,256 - root - DEBUG - 【이 유】lnfd 먼저 원고 소송대리인의 상고이유 제1점에 대하여 판단한다.lnfd 원심은 그 거시 증거들을 취사선택하여 원심판결 별지목록 제1토지인 (주소 3 생략) 임야 1060평과 제3토지인 (주소 4 생략) 전 758평은 망 소외 1의 소유였는데 일정때 일본인 소외 2에게 양도되어 8.15해방과 동시에 그 소유권이 피고 대한민국에 귀속되었다는 사실을 인정하므로써 위 토지들이 위 망 소외 1의 상속재산이라는 전제하의 원고의 청구를 배척하고 있는바, 원심이 채택한 증거들을 기록에 의하여 대조 검토하면 원심의 인정사실이 충분히 긍인되는 바이고, 논지가 지적하는 토지대장은 6.25사변 후 새로이 복구한 것으로서 그 소유자 표시와 분할관계 기재중 원심이 채택한 증거들과 모순되는 부분에 관하여는 원심이 이를 적법히 배척하고 있음이 명백하고, 또 소론 주장사실만으로서 원심판시 귀속재산목록이나 임야세명기장의 기재내용이 모두 허위라고 단정할 근거는 되지 아니하며, 위 서류들이 소외 3 등에 의하여 변조된 것이라는 점에 부합하는 증거들 또한 원심이 적법히 배척하고 있는 바이다.lnfd 그러므로 원심판결에 소론과 같은 채증법칙 위배로 인한 사실오인의 위법이 있다 할 수 없고, 그 외의 원심판단과정에 심리의 미진이나 이유불비등의 허물이 있음도 발견되지 않는다. 요컨대 이점에 관한 상고논지는 결국 원심이 전권에 속하는 증거의 취사와 사실인정을 비의하는데 귀착되여 그 이유없다 할 것이다.lnfd 다음 같은 상고이유 제2점에 대하여 판단한다.lnfd 이 사건 별지목록 제2토지인 (주소 2 생략) 전 322평에 관하여, 원심은 이 토지가 위 망 소외 1의 소유로 남아있기는 하지만 이 사건 원고상속재산의 관리인이 위 소외 1의 재산상속인이라고 인정되지 않는다고 판단하고 따라서 이 재산관리인의 피상속인이 위 소외 1이라는 사실을 전제로 하여 피고 대한민국에 대하여 이 토지에 관한 소유권의 확인을 구하고, 피고 4에 대하여 그 앞으로 된 소유권이전 등기의 말소를 구하는 원고의 이 사건 청구부분은 더 나아가 판단할 것없이 이유없다고 하여 이를 배척하고 있다.lnfd 원심의 위와같은 판단은 원고 상속재산의 관리인이 바로 위 망 소외 1의 재산상속인이라고 하여 상속인의 지위에서 본건 청구를 하고 있는 것이라고 전제하였음이 분명하다.lnfd 그러나 갑 제4호증의 심판서등본의 기재와 변론의 전취지에 의하면 원고 상속재산의 관리인인 원고는 위 망 소외 1의 상속재산에 관하여 그 상속인의 존부가 분명하지 아니한 때에 해당된다고 하여 민법 제1053조에 따라 1971.8.18 서울가정법원에 의하여 그 소외 1 상속재산의 관리인으로 선임되고 본건은 그 상속재산의 관리인 지위에서 소송을 제기하고 이를 수행하고 있는 것이지 위 망 소외 1의 상속인의 지위에서 하는 소송이 아님이 분명하다. 그렇다면 원고 상속재산의 관리인인 원고로서는 구태어 위 망인의 상속인일 필요는 없다할 것이므로 원심이 위와 같은 이유로 원고의 청구를 배척하였음은 필경 민법 제1053조 소정의 상속재산관리인으로서의 자격과 재산상속인으로서의 자격에 관한 법리를 오해하여 이를 혼동함으로써 판결에 영향을 미쳤다고 아니할 수 없고, 따라서 이러한 취지를 포함하는 것으로 보이는 원고의 소론 논지는 그 이유있음에 귀착된다 할 것이다.lnfd 그러므로 원판결 중 (주소 2 생략), 전 322평에 관한 부분은 파기되어야 할 것이다.lnfd 그런데 원심은 별지목록 제4토지인 (주소 1 생략) 임야 1830평에 관한 원고의 청구에 대하여 이 토지는 위 같은 목록 제1내지 제3토지로 분할 되기 이전인 (주소 1 생략) 임야 2140평의 일부라는 원고의 주장 사실을 인정하면서 위 목록 제1내지 제3토지에 관하여 원고의 청구가 배척되는 이상 제4토지에 관한 원고의 청구는 더 나아가서 판단할 필요가 없다고 판시하고 있는데 본건에서 제2토지에 관하여 위와 같이 파기가 되는 이상 원심으로서는 제4토지와 제1내지 제3토지와의 관계 특히 제2토지가 이 제4토지에 포함되어 있는지를 필연적으로 심리하지 않으면 안될 것이다(이 사건 기록에 의하면 위 제4토지는 같은목록 제1과 제3토지에 관한 등기인 것처럼 보이는 점도 없지 않으나 제1과 제3토지를 합하면 그 평수가 1,818평이 되는데 제4토지는 1,830평으로 되어 있어 그 평수가 일치하지 않는다) 따라서 위 제4토지에 관한 원심판결도 아울러 파기하여 제2토지 부분과 함께 원심법원에 환송하기로 하며, 원고의 위 나머지 제1과 제3토지에 관한 상고부분은 그 이유없다 하여 이를 기각하고, 이 부분에 관한 상고비용은 패소자인 원고의 부담으로 하기로 하여 관여법관들의 일치된 의견으로 주문과 같이 판결한다.lnfd 대법관   민문기(재판장) 이영섭 김윤행 김용철
2021-07-16 14:09:09,261 - root - DEBUG - [관련문헌]lnfd 한국. 법원행정처 상속등기실무 법원행정처 2012lnfd 사법연수원 민사실무: 2016 Ⅱ 사법연수원 2016lnfd 한국. 대법원 법원행정처 법원실무제요 [1-1]: 민사소송(Ⅰ) 법원행정처 2005lnfd 한국. 대법원 법원행정처 법원실무제요 [1-1]: 민사소송(Ⅰ) 법원행정처 2017lnfd 한국. 대법원 법원행정처 법원실무제요 [1-2]: 민사(하) 법원행정처 1996lnfd 최성호 근저당권의 피담보채무에 관한 부존재확인의 소에 관한 검토 : 대법원 2013. 8. 23. 선고 2012다 17585 판결을 소재로 민사소송 : 한국민사소송법학회지 제18권 2호 / 한국사법행정학회 2015lnfd 이정엽 미등기토지의 소유권취득과 관련한 법적문제 재판실무연구 2008 / 광주지방법원 2009lnfd 한국. 대법원 법원행정처 법원실무제요 [1-1]: 민사소송(Ⅰ) 법원행정처 2014lnfd 
2021-07-16 14:09:09,263 - root - DEBUG - [참조조문]lnfd 민법 제1053조lnfd 
2021-07-16 14:09:09,264 - root - DEBUG - [본문참조조문]lnfd 민법 제1053조lnfd 
2021-07-16 14:09:09,264 - root - DEBUG - [원심판결]lnfd 서울고등법원 1975.12.5. 선고 73나746,749 판결
2021-07-16 14:09:09,265 - root - DEBUG - one case organized in corpus:
2021-07-16 14:09:09,266 - root - DEBUG - {'hangul_keyword': '한다', 'folder_file_name': 'C://case_한다/1947_page/case_1947_13.txt', 'file_created_time': 'Sun Jul  4 09:12:09 2021', 'site': 'glaw', 'supreme': True, 'case_full_no': '대법원 1977. 1. 11. 선고 76다184 판결 ', 'jeonhap': False, 'important': False, 'case_official_name': '[소유권확인등]', 'citedPlace': '[공1977.2.15.(554),9866]', 'case_unofficial_name': None, 'decision_items': '【판시사항】lnfd 상속재산의 관리인의 직위에서 상속재산의 소유권확인을 구할 수 있는지 여부lnfd ', 'decision_gists': '【판결요지】lnfd 상속재산의 관리인은 그의 지위에서 소송을 제기하고 이를 수행할 수 있는 것이므로 상속재산의 소유권확인을 구하는 원고 상속재산의 관리인으로서는 구태어 상속인일 필요는 없다.lnfd ', 'applicable_acts': '【참조조문】lnfd 민법 제1053조lnfd ', 'applicable_precedents': None, 'previous_case': '[원심판결]lnfd 서울고등법원 1975.12.5. 선고 73나746,749 판결', 'main_decision': '【주 문】lnfd 원심판결중 (주소 1 생략) 임야 1830평(원심판결 별지목록 제4토지)과 (주소 2 생략) 전 322평(같은 목록 제2토지)에 관한 부분을 파기하고, 이 부분을 서울고등법원으로 환송한다.lnfd 위 나머지 부분(목록 제1토지와 제3토지)에 관한 원고의 상고를 기각하고, 이 부분에 대한 ', 'party_info': '【전 문】lnfd 【원고, 상고인】 망 소외 1의 상속재산 관리인 원고, 소송대리인 변호사 박일재lnfd 【원고보조참가인】 원고보조참가인lnfd 【피고, 피상고인】 대한민국lnfd 【피고, 피상고인】 피고 1 외 3명 소송대리인 변호사 나석호lnfd 【원 판 결】 서울고등법원 1975.12.5. 선고 73나746,749 판결lnfd ', 'reasoning': '【이 유】lnfd 먼저 원고 소송대리인의 상고이유 제1점에 대하여 판단한다.lnfd 원심은 그 거시 증거들을 취사선택하여 원심판결 별지목록 제1토지인 (주소 3 생략) 임야 1060평과 제3토지인 (주소 4 생략) 전 758평은 망 소외 1의 소유였는데 일정때 일본인 소외 2에게 양도되어 8.15해방과 동시에 그 소유권이 피고 대한민국에 귀속되었다는 사실을 인정하므로써 위 토지들이 위 망 소외 1의 상속재산이라는 전제하의 원고의 청구를 배척하고 있는바, 원심이 채택한 증거들을 기록에 의하여 대조 검토하면 원심의 인정사실이 충분히 긍인되는 바이고, 논지가 지적하는 토지대장은 6.25사변 후 새로이 복구한 것으로서 그 소유자 표시와 분할관계 기재중 원심이 채택한 증거들과 모순되는 부분에 관하여는 원심이 이를 적법히 배척하고 있음이 명백하고, 또 소론 주장사실만으로서 원심판시 귀속재산목록이나 임야세명기장의 기재내용이 모두 허위라고 단정할 근거는 되지 아니하며, 위 서류들이 소외 3 등에 의하여 변조된 것이라는 점에 부합하는 증거들 또한 원심이 적법히 배척하고 있는 바이다.lnfd 그러므로 원심판결에 소론과 같은 채증법칙 위배로 인한 사실오인의 위법이 있다 할 수 없고, 그 외의 원심판단과정에 심리의 미진이나 이유불비등의 허물이 있음도 발견되지 않는다. 요컨대 이점에 관한 상고논지는 결국 원심이 전권에 속하는 증거의 취사와 사실인정을 비의하는데 귀착되여 그 이유없다 할 것이다.lnfd 다음 같은 상고이유 제2점에 대하여 판단한다.lnfd 이 사건 별지목록 제2토지인 (주소 2 생략) 전 322평에 관하여, 원심은 이 토지가 위 망 소외 1의 소유로 남아있기는 하지만 이 사건 원고상속재산의 관리인이 위 소외 1의 재산상속인이라고 인정되지 않는다고 판단하고 따라서 이 재산관리인의 피상속인이 위 소외 1이라는 사실을 전제로 하여 피고 대한민국에 대하여 이 토지에 관한 소유권의 확인을 구하고, 피고 4에 대하여 그 앞으로 된 소유권이전 등기의 말소를 구하는 원고의 이 사건 청구부분은 더 나아가 판단할 것없이 이유없다고 하여 이를 배척하고 있다.lnfd 원심의 위와같은 판단은 원고 상속재산의 관리인이 바로 위 망 소외 1의 재산상속인이라고 하여 상속인의 지위에서 본건 청구를 하고 있는 것이라고 전제하였음이 분명하다.lnfd 그러나 갑 제4호증의 심판서등본의 기재와 변론의 전취지에 의하면 원고 상속재산의 관리인인 원고는 위 망 소외 1의 상속재산에 관하여 그 상속인의 존부가 분명하지 아니한 때에 해당된다고 하여 민법 제1053조에 따라 1971.8.18 서울가정법원에 의하여 그 소외 1 상속재산의 관리인으로 선임되고 본건은 그 상속재산의 관리인 지위에서 소송을 제기하고 이를 수행하고 있는 것이지 위 망 소외 1의 상속인의 지위에서 하는 소송이 아님이 분명하다. 그렇다면 원고 상속재산의 관리인인 원고로서는 구태어 위 망인의 상속인일 필요는 없다할 것이므로 원심이 위와 같은 이유로 원고의 청구를 배척하였음은 필경 민법 제1053조 소정의 상속재산관리인으로서의 자격과 재산상속인으로서의 자격에 관한 법리를 오해하여 이를 혼동함으로써 판결에 영향을 미쳤다고 아니할 수 없고, 따라서 이러한 취지를 포함하는 것으로 보이는 원고의 소론 논지는 그 이유있음에 귀착된다 할 것이다.lnfd 그러므로 원판결 중 (주소 2 생략), 전 322평에 관한 부분은 파기되어야 할 것이다.lnfd 그런데 원심은 별지목록 제4토지인 (주소 1 생략) 임야 1830평에 관한 원고의 청구에 대하여 이 토지는 위 같은 목록 제1내지 제3토지로 분할 되기 이전인 (주소 1 생략) 임야 2140평의 일부라는 원고의 주장 사실을 인정하면서 위 목록 제1내지 제3토지에 관하여 원고의 청구가 배척되는 이상 제4토지에 관한 원고의 청구는 더 나아가서 판단할 필요가 없다고 판시하고 있는데 본건에서 제2토지에 관하여 위와 같이 파기가 되는 이상 원심으로서는 제4토지와 제1내지 제3토지와의 관계 특히 제2토지가 이 제4토지에 포함되어 있는지를 필연적으로 심리하지 않으면 안될 것이다(이 사건 기록에 의하면 위 제4토지는 같은목록 제1과 제3토지에 관한 등기인 것처럼 보이는 점도 없지 않으나 제1과 제3토지를 합하면 그 평수가 1,818평이 되는데 제4토지는 1,830평으로 되어 있어 그 평수가 일치하지 않는다) 따라서 위 제4토지에 관한 원심판결도 아울러 파기하여 제2토지 부분과 함께 원심법원에 환송하기로 하며, 원고의 위 나머지 제1과 제3토지에 관한 상고부분은 그 이유없다 하여 이를 기각하고, 이 부분에 관한 상고비용은 패소자인 원고의 부담으로 하기로 하여 관여법관들의 일치된 의견으로 주문과 같이 판결한다.lnfd 대법관   민문기(재판장) 이영섭 김윤행 김용철', 'related_articles': '[관련문헌]lnfd 한국. 법원행정처 상속등기실무 법원행정처 2012lnfd 사법연수원 민사실무: 2016 Ⅱ 사법연수원 2016lnfd 한국. 대법원 법원행정처 법원실무제요 [1-1]: 민사소송(Ⅰ) 법원행정처 2005lnfd 한국. 대법원 법원행정처 법원실무제요 [1-1]: 민사소송(Ⅰ) 법원행정처 2017lnfd 한국. 대법원 법원행정처 법원실무제요 [1-2]: 민사(하) 법원행정처 1996lnfd 최성호 근저당권의 피담보채무에 관한 부존재확인의 소에 관한 검토 : 대법원 2013. 8. 23. 선고 2012다 17585 판결을 소재로 민사소송 : 한국민사소송법학회지 제18권 2호 / 한국사법행정학회 2015lnfd 이정엽 미등기토지의 소유권취득과 관련한 법적문제 재판실무연구 2008 / 광주지방법원 2009lnfd 한국. 대법원 법원행정처 법원실무제요 [1-1]: 민사소송(Ⅰ) 법원행정처 2014lnfd ', 'applicable_acts_in_body': '[본문참조조문]lnfd 민법 제1053조lnfd '}
2021-07-16 14:09:09,274 - root - DEBUG -  
2021-07-16 14:09:09,323 - root - DEBUG - 0 duplicated cases found!
2021-07-16 14:09:09,325 - root - DEBUG - 0 non supreme cases found!
2021-07-16 14:09:09,325 - root - DEBUG - total processed cases: 1
2021-07-16 14:09:09,332 - root - DEBUG -  
2021-07-16 14:09:09,332 - root - DEBUG - summary of 대법원 1977. 1. 11. 선고 76다184 판결 : 

2021-07-16 14:09:09,386 - root - DEBUG - line no: 1
2021-07-16 14:09:09,388 - root - DEBUG - []
2021-07-16 14:09:09,389 - root - DEBUG - 판시사항_1: 【판시사항】lnfd 상속재산의 관리인의 직위에서 상속재산의 소유권확인을 구할 수 있는지 여부lnfd 

2021-07-16 14:09:09,390 - root - DEBUG - []
2021-07-16 14:09:09,390 - root - DEBUG - 판결요지_1: 【판결요지】lnfd 상속재산의 관리인은 그의 지위에서 소송을 제기하고 이를 수행할 수 있는 것이므로 상속재산의 소유권확인을 구하는 원고 상속재산의 관리인으로서는 구태어 상속인일 필요는 없다.lnfd 

2021-07-16 14:09:09,392 - root - DEBUG - []
2021-07-16 14:09:09,392 - root - DEBUG - 참조조문_1: 【참조조문】lnfd 민법 제1053조lnfd 

2021-07-16 14:09:09,393 - root - DEBUG - 참조판례_1: 

